FUNCTION: getTopK 10
Result: said, mln, dlr, from, it, vs, pct, ct, ha, year
FUNCTION: getPostings hard
Ordered by doc IDs: 0009613, 0009641, 0009668, 0009775, 0009835, 0009879, 0009956, 0010335, 0010339, 0010432, 0010447, 0010451, 0010461, 0010485, 0010524, 0010549, 0010572, 0010966, 0011244, 0011245, 0011249, 0011335, 0011441, 0011443, 0011553, 0011590, 0011694, 0011834, 0011896, 0012121, 0012173, 0012200, 0012441, 0012501, 0012634, 0012784, 0012866
Ordered by doc TF: 0010572, 0009835, 0010432, 0010461, 0011443, 0012634, 0009613, 0009641, 0009668, 0009775, 0009879, 0009956, 0010335, 0010339, 0010447, 0010451, 0010485, 0010524, 0010549, 0010966, 0011244, 0011245, 0011249, 0011335, 0011441, 0011553, 0011590, 0011694, 0011834, 0011896, 0012121, 0012173, 0012200, 0012441, 0012501, 0012784, 0012866
FUNCTION: getPostings hand
Ordered by doc IDs: 0009625, 0009773, 0009846, 0009861, 0009933, 0010088, 0010255, 0010272, 0010475, 0010580, 0010777, 0010778, 0011002, 0011149, 0011154, 0011221, 0011299, 0011309, 0011442, 0011443, 0011807, 0012019, 0012173, 0012554, 0012841
Ordered by doc TF: 0010777, 0011221, 0012019, 0009625, 0009773, 0009846, 0009861, 0009933, 0010088, 0010255, 0010272, 0010475, 0010580, 0010778, 0011002, 0011149, 0011154, 0011299, 0011309, 0011442, 0011443, 0011807, 0012173, 0012554, 0012841
FUNCTION: termAtATimeQueryAnd hard,hand
2 documents are found
919 comparisons are made
9.51209E-4seconds are used
888 comparisons are made with optimization
Result: 0011443, 0012173
FUNCTION: termAtATimeQueryOr hard,hand
60 documents are found
888 comparisons are made
6.86359E-4seconds are used
919 comparisons are made with optimization
Result: 0009613, 0009625, 0009641, 0009668, 0009773, 0009775, 0009835, 0009846, 0009861, 0009879, 0009933, 0009956, 0010088, 0010255, 0010272, 0010335, 0010339, 0010432, 0010447, 0010451, 0010461, 0010475, 0010485, 0010524, 0010549, 0010572, 0010580, 0010777, 0010778, 0010966, 0011002, 0011149, 0011154, 0011221, 0011244, 0011245, 0011249, 0011299, 0011309, 0011335, 0011441, 0011442, 0011443, 0011553, 0011590, 0011694, 0011807, 0011834, 0011896, 0012019, 0012121, 0012173, 0012200, 0012441, 0012501, 0012554, 0012634, 0012784, 0012841, 0012866
FUNCTION: DocAtATimeQueryAnd hard,hand
2 documents are found
289 comparisons are made
2.79929E-4seconds are used
Result: 0011443, 0012173
FUNCTION: DocAtATimeQueryOr hard,hand
60 documents are found
270 comparisons are made
2.19635E-4seconds are used
Result: 0009613, 0009625, 0009641, 0009668, 0009773, 0009775, 0009835, 0009846, 0009861, 0009879, 0009933, 0009956, 0010088, 0010255, 0010272, 0010335, 0010339, 0010432, 0010447, 0010451, 0010461, 0010475, 0010485, 0010524, 0010549, 0010572, 0010580, 0010777, 0010778, 0010966, 0011002, 0011149, 0011154, 0011221, 0011244, 0011245, 0011249, 0011299, 0011309, 0011335, 0011441, 0011442, 0011443, 0011553, 0011590, 0011694, 0011807, 0011834, 0011896, 0012019, 0012121, 0012173, 0012200, 0012441, 0012501, 0012554, 0012634, 0012784, 0012841, 0012866
FUNCTION: getPostings British
Ordered by doc IDs: 0009746, 0009858, 0009877, 0009972, 0010069, 0010126, 0010140, 0010156, 0010375, 0010417, 0010445, 0010480, 0010510, 0010533, 0010554, 0010736, 0010817, 0010848, 0010854, 0010905, 0010916, 0011001, 0011022, 0011095, 0011150, 0011189, 0011236, 0011296, 0011362, 0011373, 0011379, 0011402, 0011424, 0011432, 0011500, 0011510, 0011511, 0011571, 0011625, 0011637, 0011645, 0011720, 0011765, 0011790, 0011828, 0011839, 0011879, 0012031, 0012093, 0012119, 0012125, 0012220, 0012355, 0012452, 0012467, 0012582, 0012735, 0012759, 0012875
Ordered by doc TF: 0011095, 0010554, 0011150, 0011625, 0010445, 0012759, 0010480, 0010533, 0010848, 0010905, 0011424, 0011637, 0011765, 0012220, 0012355, 0012582, 0009746, 0009858, 0009877, 0009972, 0010069, 0010126, 0010140, 0010156, 0010375, 0010417, 0010510, 0010736, 0010817, 0010854, 0010916, 0011001, 0011022, 0011189, 0011236, 0011296, 0011362, 0011373, 0011379, 0011402, 0011432, 0011500, 0011510, 0011511, 0011571, 0011645, 0011720, 0011790, 0011828, 0011839, 0011879, 0012031, 0012093, 0012119, 0012125, 0012452, 0012467, 0012735, 0012875
FUNCTION: getPostings Caribbean
Ordered by doc IDs: 0010417, 0011357, 0011827, 0012089
Ordered by doc TF: 0010417, 0012089, 0011827, 0011357
FUNCTION: termAtATimeQueryAnd British,Caribbean
1 documents are found
233 comparisons are made
2.29478E-4seconds are used
203 comparisons are made with optimization
Result: 0010417
FUNCTION: termAtATimeQueryOr British,Caribbean
62 documents are found
203 comparisons are made
4.57083E-4seconds are used
233 comparisons are made with optimization
Result: 0009746, 0009858, 0009877, 0009972, 0010069, 0010126, 0010140, 0010156, 0010375, 0010417, 0010445, 0010480, 0010510, 0010533, 0010554, 0010736, 0010817, 0010848, 0010854, 0010905, 0010916, 0011001, 0011022, 0011095, 0011150, 0011189, 0011236, 0011296, 0011357, 0011362, 0011373, 0011379, 0011402, 0011424, 0011432, 0011500, 0011510, 0011511, 0011571, 0011625, 0011637, 0011645, 0011720, 0011765, 0011790, 0011827, 0011828, 0011839, 0011879, 0012031, 0012089, 0012093, 0012119, 0012125, 0012220, 0012355, 0012452, 0012467, 0012582, 0012735, 0012759, 0012875
FUNCTION: DocAtATimeQueryAnd British,Caribbean
1 documents are found
252 comparisons are made
2.12779E-4seconds are used
Result: 0010417
FUNCTION: DocAtATimeQueryOr British,Caribbean
62 documents are found
293 comparisons are made
2.96125E-4seconds are used
Result: 0009746, 0009858, 0009877, 0009972, 0010069, 0010126, 0010140, 0010156, 0010375, 0010417, 0010445, 0010480, 0010510, 0010533, 0010554, 0010736, 0010817, 0010848, 0010854, 0010905, 0010916, 0011001, 0011022, 0011095, 0011150, 0011189, 0011236, 0011296, 0011357, 0011362, 0011373, 0011379, 0011402, 0011424, 0011432, 0011500, 0011510, 0011511, 0011571, 0011625, 0011637, 0011645, 0011720, 0011765, 0011790, 0011827, 0011828, 0011839, 0011879, 0012031, 0012089, 0012093, 0012119, 0012125, 0012220, 0012355, 0012452, 0012467, 0012582, 0012735, 0012759, 0012875
